  Camera.cpp
  GameObject.cpp
  start.cpp
D:\TL\Vscode\VsCode_C\Learn_opengl\Learn_opengl\Shader.h(10,10): warning C4067: 预处理器指令后有意外标记 - 应输入换行符
D:\TL\Vscode\VsCode_C\Learn_opengl\Learn_opengl\start.cpp(106,19): error C2664: “Transform::Transform(GameObject *)”: 无法将参数 1 从“GameObject”转换为“GameObject *”
D:\TL\Vscode\VsCode_C\Learn_opengl\Learn_opengl\start.cpp(106,18): message : 没有可用于执行该转换的用户定义的转换运算符，或者无法调用该运算符
D:\TL\Vscode\VsCode_C\Learn_opengl\Learn_opengl\Transform.h(23,2): message : 参见“Transform::Transform”的声明
D:\TL\Vscode\VsCode_C\Learn_opengl\Learn_opengl\start.cpp(176,28): error C2065: “cameraPos”: 未声明的标识符
D:\TL\Vscode\VsCode_C\Learn_opengl\Learn_opengl\start.cpp(176,39): error C2065: “cameraPos”: 未声明的标识符
D:\TL\Vscode\VsCode_C\Learn_opengl\Learn_opengl\start.cpp(176,51): error C2065: “cameraFront”: 未声明的标识符
D:\TL\Vscode\VsCode_C\Learn_opengl\Learn_opengl\start.cpp(176,64): error C2065: “cameraUp”: 未声明的标识符
D:\TL\Vscode\VsCode_C\Learn_opengl\Learn_opengl\start.cpp(235,9): error C2065: “cameraPos”: 未声明的标识符
D:\TL\Vscode\VsCode_C\Learn_opengl\Learn_opengl\start.cpp(235,36): error C2065: “cameraFront”: 未声明的标识符
D:\TL\Vscode\VsCode_C\Learn_opengl\Learn_opengl\start.cpp(237,9): error C2065: “cameraPos”: 未声明的标识符
D:\TL\Vscode\VsCode_C\Learn_opengl\Learn_opengl\start.cpp(237,36): error C2065: “cameraFront”: 未声明的标识符
D:\TL\Vscode\VsCode_C\Learn_opengl\Learn_opengl\start.cpp(239,9): error C2065: “cameraPos”: 未声明的标识符
D:\TL\Vscode\VsCode_C\Learn_opengl\Learn_opengl\start.cpp(239,48): error C2065: “cameraFront”: 未声明的标识符
D:\TL\Vscode\VsCode_C\Learn_opengl\Learn_opengl\start.cpp(239,61): error C2065: “cameraUp”: 未声明的标识符
D:\TL\Vscode\VsCode_C\Learn_opengl\Learn_opengl\start.cpp(239,27): error C2672: “glm::normalize”: 未找到匹配的重载函数
D:\TL\Vscode\VsCode_C\Learn_opengl\Learn_opengl\start.cpp(241,9): error C2065: “cameraPos”: 未声明的标识符
D:\TL\Vscode\VsCode_C\Learn_opengl\Learn_opengl\start.cpp(241,48): error C2065: “cameraFront”: 未声明的标识符
D:\TL\Vscode\VsCode_C\Learn_opengl\Learn_opengl\start.cpp(241,61): error C2065: “cameraUp”: 未声明的标识符
D:\TL\Vscode\VsCode_C\Learn_opengl\Learn_opengl\start.cpp(241,27): error C2672: “glm::normalize”: 未找到匹配的重载函数
D:\TL\Vscode\VsCode_C\Learn_opengl\Learn_opengl\start.cpp(249,17): warning C4244: “=”: 从“double”转换到“GLfloat”，可能丢失数据
D:\TL\Vscode\VsCode_C\Learn_opengl\Learn_opengl\start.cpp(250,17): warning C4244: “=”: 从“double”转换到“GLfloat”，可能丢失数据
D:\TL\Vscode\VsCode_C\Learn_opengl\Learn_opengl\start.cpp(254,21): warning C4244: “初始化”: 从“double”转换到“GLfloat”，可能丢失数据
D:\TL\Vscode\VsCode_C\Learn_opengl\Learn_opengl\start.cpp(255,21): warning C4244: “初始化”: 从“double”转换到“GLfloat”，可能丢失数据
D:\TL\Vscode\VsCode_C\Learn_opengl\Learn_opengl\start.cpp(256,13): warning C4244: “=”: 从“double”转换到“GLfloat”，可能丢失数据
D:\TL\Vscode\VsCode_C\Learn_opengl\Learn_opengl\start.cpp(257,13): warning C4244: “=”: 从“double”转换到“GLfloat”，可能丢失数据
D:\TL\Vscode\VsCode_C\Learn_opengl\Learn_opengl\start.cpp(259,31): warning C4305: “初始化”: 从“double”到“GLfloat”截断
D:\TL\Vscode\VsCode_C\Learn_opengl\Learn_opengl\start.cpp(276,5): error C2065: “cameraFront”: 未声明的标识符
D:\TL\Vscode\VsCode_C\Learn_opengl\Learn_opengl\start.cpp(282,16): warning C4244: “-=”: 从“double”转换到“GLfloat”，可能丢失数据
  Transform.cpp
  正在生成代码...
